<?xml version="1.0" encoding="UTF-8" ?>
<testsuite tests="82" failures="0" name="se.nackademin.librarytest.RestTest" time="89.706" errors="0" skipped="0">
  <properties>
[...]
</properties>
  <testcase classname="se.nackademin.librarytest.RestTest" name="testBookPutNegativ1" time="2.973"/>
  <testcase classname="se.nackademin.librarytest.RestTest" name="testBookPutNegativ2" time="1.065"/>
  <testcase classname="se.nackademin.librarytest.RestTest" name="testBookPutNegativ3" time="1.11"/>
  <testcase classname="se.nackademin.librarytest.RestTest" name="testBookPutNegativ4" time="1.048"/>
  <testcase classname="se.nackademin.librarytest.RestTest" name="testGetLoanByIdNegativ" time="1.042"/>
  <testcase classname="se.nackademin.librarytest.RestTest" name="testGetAllAuthors" time="1.062"/>
  <testcase classname="se.nackademin.librarytest.RestTest" name="testGetLoansOfUserOfBook" time="1.177"/>
  <testcase classname="se.nackademin.librarytest.RestTest" name="testPostLoans" time="1.158"/>
  <testcase classname="se.nackademin.librarytest.RestTest" name="testBookPost" time="1.052"/>
  <testcase classname="se.nackademin.librarytest.RestTest" name="testPostLoansNegativ1" time="1.042"/>
  <testcase classname="se.nackademin.librarytest.RestTest" name="testPostLoansNegativ2" time="1.099"/>
  <testcase classname="se.nackademin.librarytest.RestTest" name="testPostLoansNegativ4" time="1.149"/>
  <testcase classname="se.nackademin.librarytest.RestTest" name="testPostLoansNegativ5" time="1.102"/>
  <testcase classname="se.nackademin.librarytest.RestTest" name="testGetLoansOfUserOfBookNegativ1" time="1.174"/>
  <testcase classname="se.nackademin.librarytest.RestTest" name="testGetLoansOfUserOfBookNegativ2" time="1.109"/>
  <testcase classname="se.nackademin.librarytest.RestTest" name="testPutUserNegativ1" time="1.048"/>
  <testcase classname="se.nackademin.librarytest.RestTest" name="testPutUserNegativ2" time="1.06"/>
  <testcase classname="se.nackademin.librarytest.RestTest" name="testPutUserNegativ3" time="1.069"/>
  <testcase classname="se.nackademin.librarytest.RestTest" name="testPutUserNegativ4" time="1.13"/>
  <testcase classname="se.nackademin.librarytest.RestTest" name="testPutUserNegativ5" time="1.017"/>
  <testcase classname="se.nackademin.librarytest.RestTest" name="testGetBooksOfAuthorNegativ" time="1.03"/>
  <testcase classname="se.nackademin.librarytest.RestTest" name="testUpdateBooksAuthors" time="1.085"/>
  <testcase classname="se.nackademin.librarytest.RestTest" name="testDeleteLoanByNumberNegativ" time="1.04"/>
  <testcase classname="se.nackademin.librarytest.RestTest" name="testGetLoansByBookId" time="1.095"/>
  <testcase classname="se.nackademin.librarytest.RestTest" name="testDeleteLoanByNumber" time="1.093"/>
  <testcase classname="se.nackademin.librarytest.RestTest" name="testGetAllBooks" time="1.118"/>
  <testcase classname="se.nackademin.librarytest.RestTest" name="testGetAllLoans" time="1.148"/>
  <testcase classname="se.nackademin.librarytest.RestTest" name="testGetAllUsers" time="1.074"/>
  <testcase classname="se.nackademin.librarytest.RestTest" name="testGetLoanById" time="1.095"/>
  <testcase classname="se.nackademin.librarytest.RestTest" name="testGetUserByNumberNegativ1" time="1.026"/>
  <testcase classname="se.nackademin.librarytest.RestTest" name="testDeleteUserByNumberNegativ" time="1.112"/>
  <testcase classname="se.nackademin.librarytest.RestTest" name="testBookPostNegativ1" time="1.073"/>
  <testcase classname="se.nackademin.librarytest.RestTest" name="testBookPostNegativ2" time="1.053"/>
  <testcase classname="se.nackademin.librarytest.RestTest" name="testBookPostNegativ3" time="1.039"/>
  <testcase classname="se.nackademin.librarytest.RestTest" name="testBookPostNegativ4" time="1.032"/>
  <testcase classname="se.nackademin.librarytest.RestTest" name="testGetLoansByUserId" time="1.146"/>
  <testcase classname="se.nackademin.librarytest.RestTest" name="testGetBookByNumberNegativ1" time="1.034"/>
  <testcase classname="se.nackademin.librarytest.RestTest" name="testPutUser" time="1.066"/>
  <testcase classname="se.nackademin.librarytest.RestTest" name="testBookPut" time="1.088"/>
  <testcase classname="se.nackademin.librarytest.RestTest" name="testPutAuthor" time="1.061"/>
  <testcase classname="se.nackademin.librarytest.RestTest" name="testLoanPut" time="1.087"/>
  <testcase classname="se.nackademin.librarytest.RestTest" name="testGetBooksOfAuthor" time="1.02"/>
  <testcase classname="se.nackademin.librarytest.RestTest" name="testPostUserNegativ1" time="1.075"/>
  <testcase classname="se.nackademin.librarytest.RestTest" name="testPostUserNegativ2" time="1.037"/>
  <testcase classname="se.nackademin.librarytest.RestTest" name="testPostUserNegativ3" time="1.018"/>
  <testcase classname="se.nackademin.librarytest.RestTest" name="testPostUserNegativ4" time="1.027"/>
  <testcase classname="se.nackademin.librarytest.RestTest" name="testPostUserNegativ5" time="1.062"/>
  <testcase classname="se.nackademin.librarytest.RestTest" name="testGetAuthorById" time="1.025"/>
  <testcase classname="se.nackademin.librarytest.RestTest" name="testGetLoansByBookIdNegativ1" time="1.034"/>
  <testcase classname="se.nackademin.librarytest.RestTest" name="testGetLoansByBookIdNegativ2" time="1.043"/>
  <testcase classname="se.nackademin.librarytest.RestTest" name="testDeleteBookByNumber" time="1.118"/>
  <testcase classname="se.nackademin.librarytest.RestTest" name="testDeleteAuthorById" time="1.062"/>
  <testcase classname="se.nackademin.librarytest.RestTest" name="testGetBookByNumber" time="1.047"/>
  <testcase classname="se.nackademin.librarytest.RestTest" name="testLoanPutNegativ1" time="1.086"/>
  <testcase classname="se.nackademin.librarytest.RestTest" name="testLoanPutNegativ2" time="1.082"/>
  <testcase classname="se.nackademin.librarytest.RestTest" name="testLoanPutNegativ3" time="1.099"/>
  <testcase classname="se.nackademin.librarytest.RestTest" name="testLoanPutNegativ4" time="1.136"/>
  <testcase classname="se.nackademin.librarytest.RestTest" name="testPutAuthorNegativ1" time="1.024"/>
  <testcase classname="se.nackademin.librarytest.RestTest" name="testPutAuthorNegativ2" time="1.051"/>
  <testcase classname="se.nackademin.librarytest.RestTest" name="testPutAuthorNegativ3" time="1.068"/>
  <testcase classname="se.nackademin.librarytest.RestTest" name="testPostAuthor" time="1.039"/>
  <testcase classname="se.nackademin.librarytest.RestTest" name="testPostAuthorNegativ1" time="1.053"/>
  <testcase classname="se.nackademin.librarytest.RestTest" name="testPostAuthorNegativ2" time="1.015"/>
  <testcase classname="se.nackademin.librarytest.RestTest" name="testPostAuthorNegativ3" time="1.028"/>
  <testcase classname="se.nackademin.librarytest.RestTest" name="testGetAuthersOfBook" time="1.021"/>
  <testcase classname="se.nackademin.librarytest.RestTest" name="testGetAuthersOfBookNegativ" time="1.018"/>
  <testcase classname="se.nackademin.librarytest.RestTest" name="testUpdateBooksAuthorsNegativ1" time="1.073"/>
  <testcase classname="se.nackademin.librarytest.RestTest" name="testUpdateBooksAuthorsNegativ2" time="1.083"/>
  <testcase classname="se.nackademin.librarytest.RestTest" name="testUpdateBooksAuthorsNegativ3" time="1.025"/>
  <testcase classname="se.nackademin.librarytest.RestTest" name="testGetLoansByUserIdNegativ1" time="1.035"/>
  <testcase classname="se.nackademin.librarytest.RestTest" name="testGetLoansByUserIdNegativ2" time="1.068"/>
  <testcase classname="se.nackademin.librarytest.RestTest" name="testDeleteAuthorByIdNegativ1" time="1.091"/>
  <testcase classname="se.nackademin.librarytest.RestTest" name="testDeleteAuthorByIdNegativ2" time="1.021"/>
  <testcase classname="se.nackademin.librarytest.RestTest" name="testPostUser" time="1.05"/>
  <testcase classname="se.nackademin.librarytest.RestTest" name="testDeleteBookByNumberNegativ" time="1.087"/>
  <testcase classname="se.nackademin.librarytest.RestTest" name="testAddAutherToBookNegativ1" time="1.046"/>
  <testcase classname="se.nackademin.librarytest.RestTest" name="testAddAutherToBookNegativ2" time="1.077"/>
  <testcase classname="se.nackademin.librarytest.RestTest" name="testAddAutherToBookNegativ3" time="1.052"/>
  <testcase classname="se.nackademin.librarytest.RestTest" name="testDeleteUserByNumber" time="1.063"/>
  <testcase classname="se.nackademin.librarytest.RestTest" name="testAddAutherToBook" time="1.112"/>
  <testcase classname="se.nackademin.librarytest.RestTest" name="testGetAuthorByIdNegativ" time="1.017"/>
  <testcase classname="se.nackademin.librarytest.RestTest" name="testGetUserByNumber" time="1.045"/>
</testsuite>